[2019-06-04 08:49:36.033] [sharedprocess] [info] main {"machineId":"93169feeaad8a0acf7b66099f393fc980da70b10b773fa7a1da34d93ea1169a9"}
[2019-06-04 08:49:36.186] [sharedprocess] [info] Scanned user extensions: 0
[2019-06-04 08:49:36.465] [sharedprocess] [info] Scanned user extensions: 0
[2019-06-04 08:49:36.671] [sharedprocess] [info] Scanned system extensions: 72
[2019-06-04 08:49:36.672] [sharedprocess] [info] Scanned system extensions: 72
[2019-06-04 08:49:36.687] [sharedprocess] [info] Scanned user extensions: 0
[2019-06-04 08:49:36.706] [sharedprocess] [info] Scanned system extensions: 72
[2019-06-04 08:49:38.284] [sharedprocess] [info] Scanned user extensions: 0
[2019-06-04 08:50:16.038] [sharedprocess] [info] Starting to clean up unused language packs.
[2019-06-04 08:52:16.899] [sharedprocess] [info] Scanned user extensions: 0
[2019-06-04 08:52:16.944] [sharedprocess] [info] Scanned system extensions: 72
[2019-06-04 08:52:17.017] [sharedprocess] [info] Scanned user extensions: 0
[2019-06-04 08:52:17.051] [sharedprocess] [info] Scanned system extensions: 72
[2019-06-04 08:52:21.157] [sharedprocess] [info] Scanned user extensions: 0
[2019-06-04 08:52:21.159] [sharedprocess] [info] Scanned user extensions: 0
[2019-06-04 08:52:21.163] [sharedprocess] [info] Scanned user extensions: 0
[2019-06-04 08:52:21.169] [sharedprocess] [info] Scanned user extensions: 0
[2019-06-04 08:52:21.186] [sharedprocess] [info] Scanned user extensions: 0
[2019-06-04 08:52:21.257] [sharedprocess] [info] Scanned system extensions: 72
[2019-06-04 08:52:21.259] [sharedprocess] [info] Scanned system extensions: 72
[2019-06-04 08:52:21.261] [sharedprocess] [info] Scanned system extensions: 72
[2019-06-04 08:52:21.280] [sharedprocess] [info] Scanned user extensions: 0
[2019-06-04 08:52:21.295] [sharedprocess] [info] Scanned system extensions: 72
[2019-06-04 08:52:21.300] [sharedprocess] [info] Scanned user extensions: 0
[2019-06-04 08:52:21.309] [sharedprocess] [info] Scanned user extensions: 0
[2019-06-04 08:52:21.311] [sharedprocess] [info] Scanned user extensions: 0
[2019-06-04 08:52:21.374] [sharedprocess] [info] Scanned system extensions: 72
[2019-06-04 08:52:21.394] [sharedprocess] [info] Scanned system extensions: 72
[2019-06-04 08:52:21.396] [sharedprocess] [info] Scanned system extensions: 72
[2019-06-04 08:52:21.405] [sharedprocess] [info] Scanned system extensions: 72
[2019-06-04 08:52:21.489] [sharedprocess] [info] Installing extension: ms-vscode.cpptools
[2019-06-04 08:52:21.490] [sharedprocess] [info] Scanned user extensions: 0
[2019-06-04 08:52:21.651] [sharedprocess] [info] Scanned user extensions: 0
[2019-06-04 08:52:21.679] [sharedprocess] [info] Scanned system extensions: 72
[2019-06-04 08:52:21.691] [sharedprocess] [info] Scanned user extensions: 0
[2019-06-04 08:52:21.712] [sharedprocess] [info] Scanned system extensions: 72
[2019-06-04 08:52:21.968] [sharedprocess] [info] Downloaded extension: ms-vscode.cpptools /tmp/1d65e2cf-5185-46dd-ac65-22dae0db8ea9
[2019-06-04 08:52:22.666] [sharedprocess] [info] Extracted extension to /home/jbernard/.vscode/extensions/.ms-vscode.cpptools-0.23.1: ms-vscode.cpptools
[2019-06-04 08:52:22.666] [sharedprocess] [info] Renamed to /home/jbernard/.vscode/extensions/ms-vscode.cpptools-0.23.1
[2019-06-04 08:52:22.668] [sharedprocess] [info] Installation completed. ms-vscode.cpptools
[2019-06-04 08:52:22.710] [sharedprocess] [info] Extensions installed successfully: ms-vscode.cpptools
[2019-06-04 08:52:50.160] [sharedprocess] [info] Scanned user extensions: 1
[2019-06-04 08:54:38.289] [sharedprocess] [info] Scanned user extensions: 1
[2019-06-04 08:59:38.298] [sharedprocess] [info] Scanned user extensions: 1
[2019-06-04 09:04:38.308] [sharedprocess] [info] Scanned user extensions: 1
[2019-06-04 09:09:38.314] [sharedprocess] [info] Scanned user extensions: 1
[2019-06-04 09:14:38.321] [sharedprocess] [info] Scanned user extensions: 1
[2019-06-04 09:19:38.327] [sharedprocess] [info] Scanned user extensions: 1
[2019-06-04 09:24:38.333] [sharedprocess] [info] Scanned user extensions: 1
[2019-06-04 09:29:38.338] [sharedprocess] [info] Scanned user extensions: 1
[2019-06-04 09:34:38.344] [sharedprocess] [info] Scanned user extensions: 1
[2019-06-04 09:39:38.350] [sharedprocess] [info] Scanned user extensions: 1
[2019-06-04 09:44:38.356] [sharedprocess] [info] Scanned user extensions: 1
[2019-06-04 09:49:38.524] [sharedprocess] [info] Scanned user extensions: 1
[2019-06-04 09:54:38.530] [sharedprocess] [info] Scanned user extensions: 1
[2019-06-04 09:59:38.539] [sharedprocess] [info] Scanned user extensions: 1
[2019-06-04 10:04:38.546] [sharedprocess] [info] Scanned user extensions: 1
[2019-06-04 10:09:38.551] [sharedprocess] [info] Scanned user extensions: 1
[2019-06-04 10:14:38.556] [sharedprocess] [info] Scanned user extensions: 1
[2019-06-04 10:19:38.562] [sharedprocess] [info] Scanned user extensions: 1
[2019-06-04 10:24:38.567] [sharedprocess] [info] Scanned user extensions: 1
[2019-06-04 10:29:38.573] [sharedprocess] [info] Scanned user extensions: 1
[2019-06-04 10:34:38.582] [sharedprocess] [info] Scanned user extensions: 1
[2019-06-04 10:39:38.591] [sharedprocess] [info] Scanned user extensions: 1
[2019-06-04 10:44:38.598] [sharedprocess] [info] Scanned user extensions: 1
[2019-06-04 10:49:38.776] [sharedprocess] [info] Scanned user extensions: 1
[2019-06-04 10:54:38.781] [sharedprocess] [info] Scanned user extensions: 1
[2019-06-04 10:59:38.789] [sharedprocess] [info] Scanned user extensions: 1
[2019-06-04 11:04:38.794] [sharedprocess] [info] Scanned user extensions: 1
[2019-06-04 11:09:38.800] [sharedprocess] [info] Scanned user extensions: 1
[2019-06-04 11:14:38.806] [sharedprocess] [info] Scanned user extensions: 1
[2019-06-04 11:15:45.268] [sharedprocess] [info] Scanned user extensions: 1
[2019-06-04 11:15:45.730] [sharedprocess] [info] Scanned system extensions: 72
[2019-06-04 11:15:45.782] [sharedprocess] [info] Scanned user extensions: 1
[2019-06-04 11:15:45.798] [sharedprocess] [info] Scanned system extensions: 72
[2019-06-04 11:19:38.813] [sharedprocess] [info] Scanned user extensions: 1
[2019-06-04 11:24:38.819] [sharedprocess] [info] Scanned user extensions: 1
[2019-06-04 11:29:38.825] [sharedprocess] [info] Scanned user extensions: 1
[2019-06-04 11:34:38.833] [sharedprocess] [info] Scanned user extensions: 1
[2019-06-04 11:39:38.839] [sharedprocess] [info] Scanned user extensions: 1
[2019-06-04 11:44:38.846] [sharedprocess] [info] Scanned user extensions: 1
[2019-06-04 11:49:39.023] [sharedprocess] [info] Scanned user extensions: 1
[2019-06-04 11:54:39.029] [sharedprocess] [info] Scanned user extensions: 1
[2019-06-04 11:59:39.035] [sharedprocess] [info] Scanned user extensions: 1
[2019-06-04 12:04:39.041] [sharedprocess] [info] Scanned user extensions: 1
[2019-06-04 12:09:39.047] [sharedprocess] [info] Scanned user extensions: 1
[2019-06-04 12:14:39.052] [sharedprocess] [info] Scanned user extensions: 1
[2019-06-04 12:19:39.060] [sharedprocess] [info] Scanned user extensions: 1
[2019-06-04 12:24:39.066] [sharedprocess] [info] Scanned user extensions: 1
[2019-06-04 12:29:39.072] [sharedprocess] [info] Scanned user extensions: 1
[2019-06-04 12:34:39.078] [sharedprocess] [info] Scanned user extensions: 1
[2019-06-04 12:39:39.084] [sharedprocess] [info] Scanned user extensions: 1
[2019-06-04 12:44:39.089] [sharedprocess] [info] Scanned user extensions: 1
[2019-06-04 12:49:39.365] [sharedprocess] [info] Scanned user extensions: 1
[2019-06-04 12:54:39.371] [sharedprocess] [info] Scanned user extensions: 1
[2019-06-04 12:59:39.378] [sharedprocess] [info] Scanned user extensions: 1
[2019-06-04 13:04:39.383] [sharedprocess] [info] Scanned user extensions: 1
[2019-06-04 13:09:39.388] [sharedprocess] [info] Scanned user extensions: 1
[2019-06-04 13:14:39.394] [sharedprocess] [info] Scanned user extensions: 1
[2019-06-04 13:19:39.400] [sharedprocess] [info] Scanned user extensions: 1
[2019-06-04 13:24:39.405] [sharedprocess] [info] Scanned user extensions: 1
[2019-06-04 13:29:39.411] [sharedprocess] [info] Scanned user extensions: 1
[2019-06-04 13:34:39.422] [sharedprocess] [info] Scanned user extensions: 1
[2019-06-04 13:39:39.428] [sharedprocess] [info] Scanned user extensions: 1
