Looking for git in: git
Using git 2.20.1 from git
> git rev-parse --show-toplevel
> git rev-parse --git-dir
> git config --get commit.template
Open repository: /home/jbernard/repos/Ionosonde
> git status -z -u
> git check-ignore -v -z --stdin
> git symbolic-ref --short HEAD
> git rev-parse joeybernard
> git rev-parse --symbolic-full-name joeybernard@{u}
> git rev-list --left-right joeybernard...refs/remotes/origin/joeybernard
> git for-each-ref --format %(refname) %(objectname) --sort -committerdate
> git remote --verbose
> git check-ignore -v -z --stdin
> git show :Software/Driver/hwif/src/main.rs
> git status -z -u
> git symbolic-ref --short HEAD
> git rev-parse joeybernard
> git rev-parse --symbolic-full-name joeybernard@{u}
> git rev-list --left-right joeybernard...refs/remotes/origin/joeybernard
> git for-each-ref --format %(refname) %(objectname) --sort -committerdate
> git remote --verbose
> git status -z -u
> git symbolic-ref --short HEAD
> git rev-parse joeybernard
> git rev-parse --symbolic-full-name joeybernard@{u}
> git rev-list --left-right joeybernard...refs/remotes/origin/joeybernard
> git for-each-ref --format %(refname) %(objectname) --sort -committerdate
> git remote --verbose
> git status -z -u
> git symbolic-ref --short HEAD
> git rev-parse joeybernard
> git rev-parse --symbolic-full-name joeybernard@{u}
> git rev-list --left-right joeybernard...refs/remotes/origin/joeybernard
> git for-each-ref --format %(refname) %(objectname) --sort -committerdate
> git remote --verbose
> git status -z -u
> git symbolic-ref --short HEAD
> git rev-parse joeybernard
> git rev-parse --symbolic-full-name joeybernard@{u}
> git rev-list --left-right joeybernard...refs/remotes/origin/joeybernard
> git for-each-ref --format %(refname) %(objectname) --sort -committerdate
> git remote --verbose
> git status -z -u
> git symbolic-ref --short HEAD
> git rev-parse joeybernard
> git rev-parse --symbolic-full-name joeybernard@{u}
> git rev-list --left-right joeybernard...refs/remotes/origin/joeybernard
> git for-each-ref --format %(refname) %(objectname) --sort -committerdate
> git remote --verbose
> git show :Software/Driver/hwif/Cargo.toml
> git check-ignore -v -z --stdin
> git show :Software/Driver/hwif/tests/cli.rs
> git show :Software/Driver/hwif/src/main.rs~
> git show :Software/Driver/hwif/Cargo.toml
> git show :Software/Driver/hwif/tests/cli.rs~
> git show :Software/Driver/hwif/Cargo.toml
> git show :Software/Driver/hwif/Cargo.toml
> git show :Software/Driver/hwif/Cargo.toml
> git show :Software/Driver/hwif/Cargo.toml~
> git show :Software/Driver/hwif/Cargo.toml
> git show :Software/Driver/hwif/tests/cli.rs
> git show :Software/Driver/hwif/Cargo.toml
> git status -z -u
> git symbolic-ref --short HEAD
> git rev-parse joeybernard
> git rev-parse --symbolic-full-name joeybernard@{u}
> git rev-list --left-right joeybernard...refs/remotes/origin/joeybernard
> git for-each-ref --format %(refname) %(objectname) --sort -committerdate
> git remote --verbose
> git check-ignore -v -z --stdin
> git show :Software/Driver/hwif/src/main.rs
> git show :Software/Driver/hwif/Cargo.toml
> git show :Software/Driver/hwif/src/main.rs
> git status -z -u
> git symbolic-ref --short HEAD
> git rev-parse joeybernard
> git rev-parse --symbolic-full-name joeybernard@{u}
> git rev-list --left-right joeybernard...refs/remotes/origin/joeybernard
> git for-each-ref --format %(refname) %(objectname) --sort -committerdate
> git remote --verbose
> git status -z -u
> git symbolic-ref --short HEAD
> git rev-parse joeybernard
> git rev-parse --symbolic-full-name joeybernard@{u}
> git rev-list --left-right joeybernard...refs/remotes/origin/joeybernard
> git for-each-ref --format %(refname) %(objectname) --sort -committerdate
> git remote --verbose
> git status -z -u
> git symbolic-ref --short HEAD
> git rev-parse joeybernard
> git rev-parse --symbolic-full-name joeybernard@{u}
> git rev-list --left-right joeybernard...refs/remotes/origin/joeybernard
> git for-each-ref --format %(refname) %(objectname) --sort -committerdate
> git remote --verbose
> git status -z -u
> git symbolic-ref --short HEAD
> git rev-parse joeybernard
> git rev-parse --symbolic-full-name joeybernard@{u}
> git rev-list --left-right joeybernard...refs/remotes/origin/joeybernard
> git for-each-ref --format %(refname) %(objectname) --sort -committerdate
> git remote --verbose
> git status -z -u
> git symbolic-ref --short HEAD
> git rev-parse joeybernard
> git rev-parse --symbolic-full-name joeybernard@{u}
> git rev-list --left-right joeybernard...refs/remotes/origin/joeybernard
> git for-each-ref --format %(refname) %(objectname) --sort -committerdate
> git remote --verbose
> git status -z -u
> git symbolic-ref --short HEAD
> git rev-parse joeybernard
> git rev-parse --symbolic-full-name joeybernard@{u}
> git rev-list --left-right joeybernard...refs/remotes/origin/joeybernard
> git for-each-ref --format %(refname) %(objectname) --sort -committerdate
> git remote --verbose
> git status -z -u
> git symbolic-ref --short HEAD
> git rev-parse joeybernard
> git rev-parse --symbolic-full-name joeybernard@{u}
> git rev-list --left-right joeybernard...refs/remotes/origin/joeybernard
> git for-each-ref --format %(refname) %(objectname) --sort -committerdate
> git remote --verbose
> git status -z -u
> git symbolic-ref --short HEAD
> git rev-parse joeybernard
> git rev-parse --symbolic-full-name joeybernard@{u}
> git rev-list --left-right joeybernard...refs/remotes/origin/joeybernard
> git for-each-ref --format %(refname) %(objectname) --sort -committerdate
> git remote --verbose
> git status -z -u
> git symbolic-ref --short HEAD
> git rev-parse joeybernard
> git rev-parse --symbolic-full-name joeybernard@{u}
> git rev-list --left-right joeybernard...refs/remotes/origin/joeybernard
> git for-each-ref --format %(refname) %(objectname) --sort -committerdate
> git remote --verbose
> git status -z -u
> git symbolic-ref --short HEAD
> git rev-parse joeybernard
> git rev-parse --symbolic-full-name joeybernard@{u}
> git rev-list --left-right joeybernard...refs/remotes/origin/joeybernard
> git for-each-ref --format %(refname) %(objectname) --sort -committerdate
> git remote --verbose
> git status -z -u
> git symbolic-ref --short HEAD
> git rev-parse joeybernard
> git rev-parse --symbolic-full-name joeybernard@{u}
> git rev-list --left-right joeybernard...refs/remotes/origin/joeybernard
> git for-each-ref --format %(refname) %(objectname) --sort -committerdate
> git remote --verbose
> git status -z -u
> git symbolic-ref --short HEAD
> git rev-parse joeybernard
> git rev-parse --symbolic-full-name joeybernard@{u}
> git rev-list --left-right joeybernard...refs/remotes/origin/joeybernard
> git for-each-ref --format %(refname) %(objectname) --sort -committerdate
> git remote --verbose
> git status -z -u
> git symbolic-ref --short HEAD
> git rev-parse joeybernard
> git rev-parse --symbolic-full-name joeybernard@{u}
> git rev-list --left-right joeybernard...refs/remotes/origin/joeybernard
> git for-each-ref --format %(refname) %(objectname) --sort -committerdate
> git remote --verbose
> git status -z -u
> git symbolic-ref --short HEAD
> git rev-parse joeybernard
> git rev-parse --symbolic-full-name joeybernard@{u}
> git rev-list --left-right joeybernard...refs/remotes/origin/joeybernard
> git for-each-ref --format %(refname) %(objectname) --sort -committerdate
> git remote --verbose
> git status -z -u
> git symbolic-ref --short HEAD
> git rev-parse joeybernard
> git rev-parse --symbolic-full-name joeybernard@{u}
> git rev-list --left-right joeybernard...refs/remotes/origin/joeybernard
> git for-each-ref --format %(refname) %(objectname) --sort -committerdate
> git remote --verbose
> git status -z -u
> git symbolic-ref --short HEAD
> git rev-parse joeybernard
> git rev-parse --symbolic-full-name joeybernard@{u}
> git rev-list --left-right joeybernard...refs/remotes/origin/joeybernard
> git for-each-ref --format %(refname) %(objectname) --sort -committerdate
> git remote --verbose
> git status -z -u
> git symbolic-ref --short HEAD
> git rev-parse joeybernard
> git rev-parse --symbolic-full-name joeybernard@{u}
> git rev-list --left-right joeybernard...refs/remotes/origin/joeybernard
> git for-each-ref --format %(refname) %(objectname) --sort -committerdate
> git remote --verbose
> git status -z -u
> git symbolic-ref --short HEAD
> git rev-parse joeybernard
> git rev-parse --symbolic-full-name joeybernard@{u}
> git rev-list --left-right joeybernard...refs/remotes/origin/joeybernard
> git for-each-ref --format %(refname) %(objectname) --sort -committerdate
> git remote --verbose
> git status -z -u
> git symbolic-ref --short HEAD
> git rev-parse joeybernard
> git rev-parse --symbolic-full-name joeybernard@{u}
> git rev-list --left-right joeybernard...refs/remotes/origin/joeybernard
> git for-each-ref --format %(refname) %(objectname) --sort -committerdate
> git remote --verbose
> git status -z -u
> git symbolic-ref --short HEAD
> git rev-parse joeybernard
> git rev-parse --symbolic-full-name joeybernard@{u}
> git rev-list --left-right joeybernard...refs/remotes/origin/joeybernard
> git for-each-ref --format %(refname) %(objectname) --sort -committerdate
> git remote --verbose
> git status -z -u
> git symbolic-ref --short HEAD
> git rev-parse joeybernard
> git rev-parse --symbolic-full-name joeybernard@{u}
> git rev-list --left-right joeybernard...refs/remotes/origin/joeybernard
> git for-each-ref --format %(refname) %(objectname) --sort -committerdate
> git remote --verbose
> git status -z -u
> git symbolic-ref --short HEAD
> git rev-parse joeybernard
> git rev-parse --symbolic-full-name joeybernard@{u}
> git rev-list --left-right joeybernard...refs/remotes/origin/joeybernard
> git for-each-ref --format %(refname) %(objectname) --sort -committerdate
> git remote --verbose
> git status -z -u
> git symbolic-ref --short HEAD
> git rev-parse joeybernard
> git rev-parse --symbolic-full-name joeybernard@{u}
> git rev-list --left-right joeybernard...refs/remotes/origin/joeybernard
> git for-each-ref --format %(refname) %(objectname) --sort -committerdate
> git remote --verbose
> git status -z -u
> git symbolic-ref --short HEAD
> git rev-parse joeybernard
> git rev-parse --symbolic-full-name joeybernard@{u}
> git rev-list --left-right joeybernard...refs/remotes/origin/joeybernard
> git for-each-ref --format %(refname) %(objectname) --sort -committerdate
> git remote --verbose
> git status -z -u
> git symbolic-ref --short HEAD
> git rev-parse joeybernard
> git rev-parse --symbolic-full-name joeybernard@{u}
> git rev-list --left-right joeybernard...refs/remotes/origin/joeybernard
> git for-each-ref --format %(refname) %(objectname) --sort -committerdate
> git remote --verbose
> git status -z -u
> git symbolic-ref --short HEAD
> git rev-parse joeybernard
> git rev-parse --symbolic-full-name joeybernard@{u}
> git rev-list --left-right joeybernard...refs/remotes/origin/joeybernard
> git for-each-ref --format %(refname) %(objectname) --sort -committerdate
> git remote --verbose
> git show :Software/Driver/hwif/Cargo.toml
> git status -z -u
> git symbolic-ref --short HEAD
> git rev-parse joeybernard
> git rev-parse --symbolic-full-name joeybernard@{u}
> git rev-list --left-right joeybernard...refs/remotes/origin/joeybernard
> git for-each-ref --format %(refname) %(objectname) --sort -committerdate
> git remote --verbose
> git status -z -u
> git symbolic-ref --short HEAD
> git rev-parse joeybernard
> git rev-parse --symbolic-full-name joeybernard@{u}
> git rev-list --left-right joeybernard...refs/remotes/origin/joeybernard
> git for-each-ref --format %(refname) %(objectname) --sort -committerdate
> git remote --verbose
> git show :Software/Driver/hwif/src/main.rs
> git status -z -u
> git symbolic-ref --short HEAD
> git rev-parse joeybernard
> git rev-parse --symbolic-full-name joeybernard@{u}
> git rev-list --left-right joeybernard...refs/remotes/origin/joeybernard
> git for-each-ref --format %(refname) %(objectname) --sort -committerdate
> git remote --verbose
> git status -z -u
> git symbolic-ref --short HEAD
> git rev-parse joeybernard
> git rev-parse --symbolic-full-name joeybernard@{u}
> git rev-list --left-right joeybernard...refs/remotes/origin/joeybernard
> git for-each-ref --format %(refname) %(objectname) --sort -committerdate
> git remote --verbose
> git status -z -u
> git symbolic-ref --short HEAD
> git rev-parse joeybernard
> git rev-parse --symbolic-full-name joeybernard@{u}
> git rev-list --left-right joeybernard...refs/remotes/origin/joeybernard
> git for-each-ref --format %(refname) %(objectname) --sort -committerdate
> git remote --verbose
> git show :Software/Driver/hwif/Cargo.toml
> git status -z -u
> git symbolic-ref --short HEAD
> git rev-parse joeybernard
> git rev-parse --symbolic-full-name joeybernard@{u}
> git rev-list --left-right joeybernard...refs/remotes/origin/joeybernard
> git for-each-ref --format %(refname) %(objectname) --sort -committerdate
> git remote --verbose
> git status -z -u
> git symbolic-ref --short HEAD
> git rev-parse joeybernard
> git rev-parse --symbolic-full-name joeybernard@{u}
> git rev-list --left-right joeybernard...refs/remotes/origin/joeybernard
> git for-each-ref --format %(refname) %(objectname) --sort -committerdate
> git remote --verbose
> git status -z -u
> git symbolic-ref --short HEAD
> git rev-parse joeybernard
> git rev-parse --symbolic-full-name joeybernard@{u}
> git rev-list --left-right joeybernard...refs/remotes/origin/joeybernard
> git for-each-ref --format %(refname) %(objectname) --sort -committerdate
> git remote --verbose
> git show :Software/Driver/hwif/src/main.rs
> git status -z -u
> git symbolic-ref --short HEAD
> git rev-parse joeybernard
> git rev-parse --symbolic-full-name joeybernard@{u}
> git rev-list --left-right joeybernard...refs/remotes/origin/joeybernard
> git for-each-ref --format %(refname) %(objectname) --sort -committerdate
> git remote --verbose
> git show :Software/Driver/hwif/Cargo.toml
> git status -z -u
> git symbolic-ref --short HEAD
> git rev-parse joeybernard
> git rev-parse --symbolic-full-name joeybernard@{u}
> git rev-list --left-right joeybernard...refs/remotes/origin/joeybernard
> git for-each-ref --format %(refname) %(objectname) --sort -committerdate
> git remote --verbose
> git status -z -u
> git symbolic-ref --short HEAD
> git rev-parse joeybernard
> git rev-parse --symbolic-full-name joeybernard@{u}
> git rev-list --left-right joeybernard...refs/remotes/origin/joeybernard
> git for-each-ref --format %(refname) %(objectname) --sort -committerdate
> git remote --verbose
> git show :Software/Driver/hwif/src/main.rs
