[2019-07-10 09:23:24.312] [renderer1] [error] Error: [File Watcher (node.js)] Error: ENOENT: no such file or directory, stat '/home/jbernard/repos/motusServer/R/.vscode'
[2019-07-10 09:23:24.313] [renderer1] [error] [File Watcher (node.js)] Error: ENOENT: no such file or directory, stat '/home/jbernard/repos/motusServer/R/.vscode'
[2019-07-10 13:44:32.184] [renderer1] [error] Error: [File Watcher (node.js)] Error: ENOENT: no such file or directory, stat '/home/jbernard/repos/Ionosonde/Software/Driver/hwif/.vscode'
[2019-07-10 13:44:32.184] [renderer1] [error] [File Watcher (node.js)] Error: ENOENT: no such file or directory, stat '/home/jbernard/repos/Ionosonde/Software/Driver/hwif/.vscode'
[2019-07-10 13:53:09.156] [renderer1] [error] Invalid guestInstanceId: null: Error: Invalid guestInstanceId: null
    at Object.getGuestForWebContents (/usr/share/code/resources/electron.asar/browser/guest-view-manager.js:430:11)
    at /usr/share/code/resources/electron.asar/browser/rpc-server.js:449:34
    at EventEmitter.ipcMain.on.args (/usr/share/code/resources/electron.asar/browser/rpc-server.js:278:21)
    at EventEmitter.emit (events.js:182:13)
    at WebContents.<anonymous> (/usr/share/code/resources/electron.asar/browser/api/web-contents.js:370:21)
    at WebContents.emit (events.js:182:13)
[2019-07-10 14:00:07.927] [renderer1] [error] Cannot read property 'value' of undefined: TypeError: Cannot read property 'value' of undefined
	at SignatureHelpProvider.hoverToSignatureHelp (/home/jbernard/.vscode/extensions/rust-lang.rust-0.6.1/out/providers/signatureHelpProvider.js:75:41)
	at provideSignatureHelp.provideHover.then.hover (/home/jbernard/.vscode/extensions/rust-lang.rust-0.6.1/out/providers/signatureHelpProvider.js:15:105)
[2019-07-10 14:10:35.401] [renderer1] [error] Tree element not found: [object Object]: Error: Tree element not found: [object Object]
    at s.getElementLocation (file:///usr/share/code/resources/app/out/vs/workbench/workbench.main.js:96:851)
    at s.isCollapsed (file:///usr/share/code/resources/app/out/vs/workbench/workbench.main.js:96:191)
    at q.isCollapsed (file:///usr/share/code/resources/app/out/vs/workbench/workbench.main.js:953:992)
    at W.revealMarkersForCurrentActiveEditor (file:///usr/share/code/resources/app/out/vs/workbench/workbench.main.js:5410:345)
    at W.autoReveal (file:///usr/share/code/resources/app/out/vs/workbench/workbench.main.js:5410:202)
    at W.onActiveEditorChanged (file:///usr/share/code/resources/app/out/vs/workbench/workbench.main.js:5407:531)
    at W._register.e (file:///usr/share/code/resources/app/out/vs/workbench/workbench.main.js:5406:572)
    at d.fire (file:///usr/share/code/resources/app/out/vs/workbench/workbench.main.js:79:780)
    at setTimeout (file:///usr/share/code/resources/app/out/vs/workbench/workbench.main.js:76:344)
[2019-07-10 14:12:28.762] [renderer1] [error] Tree element not found: [object Object]: Error: Tree element not found: [object Object]
    at s.getElementLocation (file:///usr/share/code/resources/app/out/vs/workbench/workbench.main.js:96:851)
    at s.isCollapsed (file:///usr/share/code/resources/app/out/vs/workbench/workbench.main.js:96:191)
    at q.isCollapsed (file:///usr/share/code/resources/app/out/vs/workbench/workbench.main.js:953:992)
    at W.revealMarkersForCurrentActiveEditor (file:///usr/share/code/resources/app/out/vs/workbench/workbench.main.js:5410:345)
    at W.autoReveal (file:///usr/share/code/resources/app/out/vs/workbench/workbench.main.js:5410:202)
    at W.onActiveEditorChanged (file:///usr/share/code/resources/app/out/vs/workbench/workbench.main.js:5407:531)
    at W._register.e (file:///usr/share/code/resources/app/out/vs/workbench/workbench.main.js:5406:572)
    at d.fire (file:///usr/share/code/resources/app/out/vs/workbench/workbench.main.js:79:780)
    at setTimeout (file:///usr/share/code/resources/app/out/vs/workbench/workbench.main.js:76:344)
[2019-07-10 14:16:18.360] [renderer1] [error] Tree element not found: [object Object]: Error: Tree element not found: [object Object]
    at s.getElementLocation (file:///usr/share/code/resources/app/out/vs/workbench/workbench.main.js:96:851)
    at s.isCollapsed (file:///usr/share/code/resources/app/out/vs/workbench/workbench.main.js:96:191)
    at q.isCollapsed (file:///usr/share/code/resources/app/out/vs/workbench/workbench.main.js:953:992)
    at W.revealMarkersForCurrentActiveEditor (file:///usr/share/code/resources/app/out/vs/workbench/workbench.main.js:5410:345)
    at W.autoReveal (file:///usr/share/code/resources/app/out/vs/workbench/workbench.main.js:5410:202)
    at W.onActiveEditorChanged (file:///usr/share/code/resources/app/out/vs/workbench/workbench.main.js:5407:531)
    at W._register.e (file:///usr/share/code/resources/app/out/vs/workbench/workbench.main.js:5406:572)
    at d.fire (file:///usr/share/code/resources/app/out/vs/workbench/workbench.main.js:79:780)
    at setTimeout (file:///usr/share/code/resources/app/out/vs/workbench/workbench.main.js:76:344)
[2019-07-10 14:35:16.021] [renderer1] [error] Tree element not found: [object Object]: Error: Tree element not found: [object Object]
    at s.getElementLocation (file:///usr/share/code/resources/app/out/vs/workbench/workbench.main.js:96:851)
    at s.isCollapsed (file:///usr/share/code/resources/app/out/vs/workbench/workbench.main.js:96:191)
    at q.isCollapsed (file:///usr/share/code/resources/app/out/vs/workbench/workbench.main.js:953:992)
    at W.revealMarkersForCurrentActiveEditor (file:///usr/share/code/resources/app/out/vs/workbench/workbench.main.js:5410:345)
    at W.autoReveal (file:///usr/share/code/resources/app/out/vs/workbench/workbench.main.js:5410:202)
    at W.onActiveEditorChanged (file:///usr/share/code/resources/app/out/vs/workbench/workbench.main.js:5407:531)
    at W._register.e (file:///usr/share/code/resources/app/out/vs/workbench/workbench.main.js:5406:572)
    at d.fire (file:///usr/share/code/resources/app/out/vs/workbench/workbench.main.js:79:780)
    at setTimeout (file:///usr/share/code/resources/app/out/vs/workbench/workbench.main.js:76:344)
