[2019-06-14 15:02:13.632] [sharedprocess] [info] main {"machineId":"93169feeaad8a0acf7b66099f393fc980da70b10b773fa7a1da34d93ea1169a9"}
[2019-06-14 15:02:14.079] [sharedprocess] [info] Scanned user extensions: 1
[2019-06-14 15:02:14.308] [sharedprocess] [info] Scanned system extensions: 72
[2019-06-14 15:02:16.242] [sharedprocess] [info] Scanned user extensions: 1
[2019-06-14 15:02:16.388] [sharedprocess] [info] Scanned system extensions: 72
[2019-06-14 15:02:16.782] [sharedprocess] [info] Scanned user extensions: 1
[2019-06-14 15:02:17.074] [sharedprocess] [info] Scanned system extensions: 72
[2019-06-14 15:02:18.976] [sharedprocess] [info] Scanned user extensions: 1
[2019-06-14 15:02:53.553] [sharedprocess] [info] Starting to clean up unused language packs.
[2019-06-14 15:03:45.278] [sharedprocess] [info] Scanned user extensions: 1
[2019-06-14 15:03:45.295] [sharedprocess] [info] Scanned user extensions: 1
[2019-06-14 15:03:45.296] [sharedprocess] [info] Scanned user extensions: 1
[2019-06-14 15:03:45.297] [sharedprocess] [info] Scanned user extensions: 1
[2019-06-14 15:03:45.448] [sharedprocess] [info] Scanned system extensions: 72
[2019-06-14 15:03:45.450] [sharedprocess] [info] Scanned system extensions: 72
[2019-06-14 15:03:45.467] [sharedprocess] [info] Scanned system extensions: 72
[2019-06-14 15:03:45.547] [sharedprocess] [info] Scanned user extensions: 1
[2019-06-14 15:03:45.639] [sharedprocess] [info] Scanned user extensions: 1
[2019-06-14 15:03:45.658] [sharedprocess] [info] Scanned user extensions: 1
[2019-06-14 15:03:45.699] [sharedprocess] [info] Scanned system extensions: 72
[2019-06-14 15:03:45.793] [sharedprocess] [info] Scanned system extensions: 72
[2019-06-14 15:03:45.811] [sharedprocess] [info] Scanned system extensions: 72
[2019-06-14 15:03:56.703] [sharedprocess] [info] Installing extension: rust-lang.rust
[2019-06-14 15:03:56.706] [sharedprocess] [info] Scanned user extensions: 1
[2019-06-14 15:03:56.985] [sharedprocess] [info] Downloaded extension: rust-lang.rust /tmp/13e1bffa-da5b-48ab-bbb4-b3d01bbcc9d9
[2019-06-14 15:03:59.626] [sharedprocess] [info] Extracted extension to /home/jbernard/.vscode/extensions/.rust-lang.rust-0.6.1: rust-lang.rust
[2019-06-14 15:03:59.626] [sharedprocess] [info] Renamed to /home/jbernard/.vscode/extensions/rust-lang.rust-0.6.1
[2019-06-14 15:03:59.628] [sharedprocess] [info] Installation completed. rust-lang.rust
[2019-06-14 15:04:00.391] [sharedprocess] [info] Extensions installed successfully: rust-lang.rust
