[2019-07-09 14:50:56.573] [exthost] [info] extension host started
[2019-07-09 14:50:56.582] [exthost] [info] ExtensionService#_doActivateExtension vscode.debug-auto-launch {"startup":true,"activationEvent":"*"}
[2019-07-09 14:50:56.582] [exthost] [info] ExtensionService#loadCommonJSModule /usr/share/code/resources/app/extensions/debug-auto-launch/dist/extension
[2019-07-09 14:50:56.585] [exthost] [info] ExtensionService#_doActivateExtension vscode.emmet {"startup":true,"activationEvent":"*"}
[2019-07-09 14:50:56.585] [exthost] [info] ExtensionService#loadCommonJSModule /usr/share/code/resources/app/extensions/emmet/dist/extension
[2019-07-09 14:50:56.598] [exthost] [info] ExtensionService#_doActivateExtension vscode.git {"startup":true,"activationEvent":"*"}
[2019-07-09 14:50:56.598] [exthost] [info] ExtensionService#loadCommonJSModule /usr/share/code/resources/app/extensions/git/dist/main
[2019-07-09 14:50:56.663] [exthost] [info] ExtensionService#_doActivateExtension vscode.merge-conflict {"startup":true,"activationEvent":"*"}
[2019-07-09 14:50:56.663] [exthost] [info] ExtensionService#loadCommonJSModule /usr/share/code/resources/app/extensions/merge-conflict/dist/extension
[2019-07-09 14:50:56.666] [exthost] [info] ExtensionService#_doActivateExtension Shan.code-settings-sync {"startup":true,"activationEvent":"*"}
[2019-07-09 14:50:56.666] [exthost] [info] ExtensionService#loadCommonJSModule /home/jbernard/.vscode/extensions/shan.code-settings-sync-3.3.1/out/extension.js
[2019-07-09 14:50:56.755] [exthost] [info] eager extensions activated
[2019-07-09 14:51:12.292] [exthost] [info] extension host started
[2019-07-09 14:51:12.301] [exthost] [info] ExtensionService#_doActivateExtension vscode.debug-auto-launch {"startup":true,"activationEvent":"*"}
[2019-07-09 14:51:12.301] [exthost] [info] ExtensionService#loadCommonJSModule /usr/share/code/resources/app/extensions/debug-auto-launch/dist/extension
[2019-07-09 14:51:12.303] [exthost] [info] ExtensionService#_doActivateExtension vscode.emmet {"startup":true,"activationEvent":"*"}
[2019-07-09 14:51:12.303] [exthost] [info] ExtensionService#loadCommonJSModule /usr/share/code/resources/app/extensions/emmet/dist/extension
[2019-07-09 14:51:12.313] [exthost] [info] ExtensionService#_doActivateExtension vscode.git {"startup":true,"activationEvent":"*"}
[2019-07-09 14:51:12.313] [exthost] [info] ExtensionService#loadCommonJSModule /usr/share/code/resources/app/extensions/git/dist/main
[2019-07-09 14:51:12.377] [exthost] [info] ExtensionService#_doActivateExtension vscode.merge-conflict {"startup":true,"activationEvent":"*"}
[2019-07-09 14:51:12.377] [exthost] [info] ExtensionService#loadCommonJSModule /usr/share/code/resources/app/extensions/merge-conflict/dist/extension
[2019-07-09 14:51:12.381] [exthost] [info] ExtensionService#_doActivateExtension Shan.code-settings-sync {"startup":true,"activationEvent":"*"}
[2019-07-09 14:51:12.381] [exthost] [info] ExtensionService#loadCommonJSModule /home/jbernard/.vscode/extensions/shan.code-settings-sync-3.3.1/out/extension.js
[2019-07-09 14:51:12.644] [exthost] [info] eager extensions activated
[2019-07-09 14:51:31.130] [exthost] [info] ExtensionService#_doActivateExtension Ikuyadeu.r {"startup":false,"activationEvent":"onLanguage:r"}
[2019-07-09 14:51:31.130] [exthost] [info] ExtensionService#loadCommonJSModule /home/jbernard/.vscode/extensions/ikuyadeu.r-1.1.0/dist/extension
