[2019-07-10 09:23:24.231] [exthost] [info] extension host started
[2019-07-10 09:23:24.273] [exthost] [info] ExtensionService#_doActivateExtension Ikuyadeu.r {"startup":false,"activationEvent":"onLanguage:r"}
[2019-07-10 09:23:24.273] [exthost] [info] ExtensionService#loadCommonJSModule /home/jbernard/.vscode/extensions/ikuyadeu.r-1.1.0/dist/extension
[2019-07-10 09:23:24.283] [exthost] [info] ExtensionService#_doActivateExtension vscode.debug-auto-launch {"startup":true,"activationEvent":"*"}
[2019-07-10 09:23:24.283] [exthost] [info] ExtensionService#loadCommonJSModule /usr/share/code/resources/app/extensions/debug-auto-launch/dist/extension
[2019-07-10 09:23:24.285] [exthost] [info] ExtensionService#_doActivateExtension vscode.emmet {"startup":true,"activationEvent":"*"}
[2019-07-10 09:23:24.285] [exthost] [info] ExtensionService#loadCommonJSModule /usr/share/code/resources/app/extensions/emmet/dist/extension
[2019-07-10 09:23:24.296] [exthost] [info] ExtensionService#_doActivateExtension vscode.git {"startup":true,"activationEvent":"*"}
[2019-07-10 09:23:24.296] [exthost] [info] ExtensionService#loadCommonJSModule /usr/share/code/resources/app/extensions/git/dist/main
[2019-07-10 09:23:24.366] [exthost] [info] ExtensionService#_doActivateExtension vscode.merge-conflict {"startup":true,"activationEvent":"*"}
[2019-07-10 09:23:24.367] [exthost] [info] ExtensionService#loadCommonJSModule /usr/share/code/resources/app/extensions/merge-conflict/dist/extension
[2019-07-10 09:23:24.370] [exthost] [info] ExtensionService#_doActivateExtension Shan.code-settings-sync {"startup":true,"activationEvent":"*"}
[2019-07-10 09:23:24.370] [exthost] [info] ExtensionService#loadCommonJSModule /home/jbernard/.vscode/extensions/shan.code-settings-sync-3.3.1/out/extension.js
[2019-07-10 09:23:24.672] [exthost] [info] eager extensions activated
[2019-07-10 09:23:41.025] [exthost] [info] extension host started
[2019-07-10 09:23:41.032] [exthost] [info] ExtensionService#_doActivateExtension vscode.debug-auto-launch {"startup":true,"activationEvent":"*"}
[2019-07-10 09:23:41.032] [exthost] [info] ExtensionService#loadCommonJSModule /usr/share/code/resources/app/extensions/debug-auto-launch/dist/extension
[2019-07-10 09:23:41.036] [exthost] [info] ExtensionService#_doActivateExtension vscode.emmet {"startup":true,"activationEvent":"*"}
[2019-07-10 09:23:41.036] [exthost] [info] ExtensionService#loadCommonJSModule /usr/share/code/resources/app/extensions/emmet/dist/extension
[2019-07-10 09:23:41.047] [exthost] [info] ExtensionService#_doActivateExtension vscode.git {"startup":true,"activationEvent":"*"}
[2019-07-10 09:23:41.047] [exthost] [info] ExtensionService#loadCommonJSModule /usr/share/code/resources/app/extensions/git/dist/main
[2019-07-10 09:23:41.113] [exthost] [info] ExtensionService#_doActivateExtension vscode.merge-conflict {"startup":true,"activationEvent":"*"}
[2019-07-10 09:23:41.113] [exthost] [info] ExtensionService#loadCommonJSModule /usr/share/code/resources/app/extensions/merge-conflict/dist/extension
[2019-07-10 09:23:41.116] [exthost] [info] ExtensionService#_doActivateExtension Shan.code-settings-sync {"startup":true,"activationEvent":"*"}
[2019-07-10 09:23:41.116] [exthost] [info] ExtensionService#loadCommonJSModule /home/jbernard/.vscode/extensions/shan.code-settings-sync-3.3.1/out/extension.js
[2019-07-10 09:23:41.203] [exthost] [info] eager extensions activated
[2019-07-10 13:44:18.921] [exthost] [info] extension host started
[2019-07-10 13:44:18.934] [exthost] [info] ExtensionService#_doActivateExtension vscode.debug-auto-launch {"startup":true,"activationEvent":"*"}
[2019-07-10 13:44:18.934] [exthost] [info] ExtensionService#loadCommonJSModule /usr/share/code/resources/app/extensions/debug-auto-launch/dist/extension
[2019-07-10 13:44:18.938] [exthost] [info] ExtensionService#_doActivateExtension vscode.emmet {"startup":true,"activationEvent":"*"}
[2019-07-10 13:44:18.938] [exthost] [info] ExtensionService#loadCommonJSModule /usr/share/code/resources/app/extensions/emmet/dist/extension
[2019-07-10 13:44:18.954] [exthost] [info] ExtensionService#_doActivateExtension vscode.git {"startup":true,"activationEvent":"*"}
[2019-07-10 13:44:18.954] [exthost] [info] ExtensionService#loadCommonJSModule /usr/share/code/resources/app/extensions/git/dist/main
[2019-07-10 13:44:19.032] [exthost] [info] ExtensionService#_doActivateExtension vscode.merge-conflict {"startup":true,"activationEvent":"*"}
[2019-07-10 13:44:19.032] [exthost] [info] ExtensionService#loadCommonJSModule /usr/share/code/resources/app/extensions/merge-conflict/dist/extension
[2019-07-10 13:44:19.035] [exthost] [info] ExtensionService#_doActivateExtension Shan.code-settings-sync {"startup":true,"activationEvent":"*"}
[2019-07-10 13:44:19.035] [exthost] [info] ExtensionService#loadCommonJSModule /home/jbernard/.vscode/extensions/shan.code-settings-sync-3.3.1/out/extension.js
[2019-07-10 13:44:19.133] [exthost] [info] ExtensionService#_doActivateExtension rust-lang.rust {"startup":true,"activationEvent":"workspaceContains:Cargo.toml"}
[2019-07-10 13:44:19.133] [exthost] [info] ExtensionService#loadCommonJSModule /home/jbernard/.vscode/extensions/rust-lang.rust-0.6.1/out/extension.js
[2019-07-10 13:44:19.566] [exthost] [info] eager extensions activated
[2019-07-10 13:44:42.370] [exthost] [info] ExtensionService#_doActivateExtension vscode.grunt {"startup":false,"activationEvent":"onCommand:workbench.action.tasks.runTask"}
[2019-07-10 13:44:42.370] [exthost] [info] ExtensionService#loadCommonJSModule /usr/share/code/resources/app/extensions/grunt/dist/main
[2019-07-10 13:44:42.390] [exthost] [info] ExtensionService#_doActivateExtension vscode.gulp {"startup":false,"activationEvent":"onCommand:workbench.action.tasks.runTask"}
[2019-07-10 13:44:42.390] [exthost] [info] ExtensionService#loadCommonJSModule /usr/share/code/resources/app/extensions/gulp/dist/main
[2019-07-10 13:44:42.409] [exthost] [info] ExtensionService#_doActivateExtension vscode.jake {"startup":false,"activationEvent":"onCommand:workbench.action.tasks.runTask"}
[2019-07-10 13:44:42.409] [exthost] [info] ExtensionService#loadCommonJSModule /usr/share/code/resources/app/extensions/jake/dist/main
[2019-07-10 13:44:42.431] [exthost] [info] ExtensionService#_doActivateExtension vscode.npm {"startup":false,"activationEvent":"onCommand:workbench.action.tasks.runTask"}
[2019-07-10 13:44:42.431] [exthost] [info] ExtensionService#loadCommonJSModule /usr/share/code/resources/app/extensions/npm/dist/main
[2019-07-10 13:44:42.479] [exthost] [info] ExtensionService#_doActivateExtension vscode.typescript-language-features {"startup":false,"activationEvent":"onCommand:workbench.action.tasks.runTask"}
[2019-07-10 13:44:42.479] [exthost] [info] ExtensionService#loadCommonJSModule /usr/share/code/resources/app/extensions/typescript-language-features/dist/extension
[2019-07-10 13:52:48.351] [exthost] [info] ExtensionService#_doActivateExtension serayuzgur.crates {"startup":false,"activationEvent":"workspaceContains:Cargo.toml"}
[2019-07-10 13:52:48.351] [exthost] [info] ExtensionService#loadCommonJSModule /home/jbernard/.vscode/extensions/serayuzgur.crates-0.4.3/out/extension
[2019-07-10 13:53:09.584] [exthost] [info] ExtensionService#_doActivateExtension bungcip.better-toml {"startup":false,"activationEvent":"onLanguage:toml"}
[2019-07-10 13:53:09.584] [exthost] [info] ExtensionService#loadCommonJSModule /home/jbernard/.vscode/extensions/bungcip.better-toml-0.3.2/out/src/extension
[2019-07-10 14:00:07.926] [exthost] [error] [rust-lang.rust] provider FAILED
[2019-07-10 14:00:07.926] [exthost] [error] TypeError: Cannot read property 'value' of undefined
	at SignatureHelpProvider.hoverToSignatureHelp (/home/jbernard/.vscode/extensions/rust-lang.rust-0.6.1/out/providers/signatureHelpProvider.js:75:41)
	at provideSignatureHelp.provideHover.then.hover (/home/jbernard/.vscode/extensions/rust-lang.rust-0.6.1/out/providers/signatureHelpProvider.js:15:105)
