00:00:00.000163 main     VirtualBox XPCOM Server 6.0.10_Ubuntu r132055 linux.amd64 (Jul 17 2019 10:10:52) release log
00:00:00.000165 main     Log opened 2019-07-24T18:00:09.712037000Z
00:00:00.000165 main     Build Type: release
00:00:00.000167 main     OS Product: Linux
00:00:00.000168 main     OS Release: 5.2.0-8-generic
00:00:00.000168 main     OS Version: #9-Ubuntu SMP Mon Jul 8 13:07:27 UTC 2019
00:00:00.000184 main     DMI Product Name: HP ProDesk 600 G3 MT
00:00:00.000189 main     DMI Product Version: 
00:00:00.000217 main     Host RAM: 7853MB (7.6GB) total, 5655MB (5.5GB) available
00:00:00.000219 main     Executable: /usr/lib/virtualbox/VBoxSVC
00:00:00.000220 main     Process ID: 10204
00:00:00.000220 main     Package type: LINUX_64BITS_GENERIC (OSE)
00:00:00.001146 main     IPC socket path: /tmp/.vbox-jbernard-ipc/ipcd
00:00:00.104421 nspr-2   VirtualBox: object creation starts
00:00:00.104505 nspr-2   Home directory: '/home/jbernard/.config/VirtualBox'
00:00:00.114945 nspr-2   Loading settings file "/home/jbernard/.config/VirtualBox/VirtualBox.xml" with version "1.12-linux"
00:00:00.116053 nspr-2   NAT: resolv.conf: nameserver 127.0.0.53
00:00:00.116073 nspr-2   NAT: resolv.conf: ignoring "options edns0"
00:00:00.116091 nspr-2   HostDnsMonitor::updateInfo
00:00:00.116110 nspr-2   HostDnsMonitor: old information
00:00:00.116114 nspr-2     no server entries
00:00:00.116118 nspr-2     no domain set
00:00:00.116121 nspr-2     no search string entries
00:00:00.116125 nspr-2   HostDnsMonitor: new information
00:00:00.116128 nspr-2     server 1: 127.0.0.53
00:00:00.116132 nspr-2     domain: ad.unb.ca
00:00:00.116136 nspr-2     search string 1: ad.unb.ca
00:00:00.118656 nspr-2   Failed to open "/dev/vboxdrvu", errno=2, rc=VERR_VM_DRIVER_NOT_INSTALLED
00:00:00.119497 nspr-2   VD: VDInit finished with VINF_SUCCESS
00:00:00.119616 nspr-2   ERROR [COM]: aRC=NS_ERROR_FAILURE (0x80004005) aIID={d55176e5-6730-4e9e-fc1f-a59b1f44f78f} aComponent={SystemPropertiesWrap} aText={Cannot determine default Guest Additions ISO location. Most likely they are not available}, preserve=false aResultDetail=0
00:00:00.170723 nspr-2   Loading settings file "/home/jbernard/VirtualBox VMs/MXLinux/MXLinux.vbox" with version "1.16-linux"
00:00:00.171449 nspr-2   VirtualBox: object created
00:00:01.571878 nspr-4   WARNING [COM]: aRC=NS_ERROR_FAILURE (0x80004005) aIID={dbe11e5f-7f10-46e7-94c4-1e95bf4b6627} aComponent={HostWrap} aText={VirtualBox is not currently allowed to access USB devices.  You can change this by adding your user to the 'vboxusers' group.  Please see the user manual for a more detailed explanation}, preserve=true  aResultDetail=0
00:00:01.593462 nspr-2   Failed to open "/dev/vboxdrvu", errno=2, rc=VERR_VM_DRIVER_NOT_INSTALLED
00:00:01.653837 nspr-2   WARNING [COM]: aRC=NS_ERROR_FAILURE (0x80004005) aIID={dbe11e5f-7f10-46e7-94c4-1e95bf4b6627} aComponent={HostWrap} aText={VirtualBox is not currently allowed to access USB devices.  You can change this by adding your user to the 'vboxusers' group.  Please see the user manual for a more detailed explanation}, preserve=true  aResultDetail=0
00:00:01.654705 nspr-2   WARNING [COM]: aRC=NS_ERROR_FAILURE (0x80004005) aIID={dbe11e5f-7f10-46e7-94c4-1e95bf4b6627} aComponent={HostWrap} aText={VirtualBox is not currently allowed to access USB devices.  You can change this by adding your user to the 'vboxusers' group.  Please see the user manual for a more detailed explanation}, preserve=true  aResultDetail=0
00:00:57.087041 nspr-3   Saving settings file "/home/jbernard/.config/VirtualBox/VirtualBox.xml" with version "1.12-linux"
00:00:57.197707 nspr-2   Saving settings file "/home/jbernard/.config/VirtualBox/VirtualBox.xml" with version "1.12-linux"
00:00:57.248315 nspr-2   Saving settings file "/home/jbernard/.config/VirtualBox/VirtualBox.xml" with version "1.12-linux"
00:01:02.797735 main     VirtualBox: object deletion starts
00:01:02.797782 main     ERROR [COM]: aRC=VBOX_E_OBJECT_IN_USE (0x80bb000c) aIID={ad47ad09-787b-44ab-b343-a082a3f2dfb1} aComponent={MediumWrap} aText={Medium '/home/jbernard/VirtualBox VMs/MXLinux/MXLinux.vdi' cannot be closed because it is still attached to 1 virtual machines}, preserve=false aResultDetail=0
00:01:03.185742 Watcher  ERROR [COM]: aRC=E_ACCESSDENIED (0x80070005) aIID={d0a0163f-e254-4e5b-a1f2-011cf991c38d} aComponent={VirtualBoxWrap} aText={The object is not ready}, preserve=false aResultDetail=0
00:01:07.798764 main     {00007f5c38017320} HostPowerServiceLinux::~HostPowerServiceLinux: RTThreadWait() for 5000 ms failed with VERR_TIMEOUT
00:01:07.799227 main     VirtualBox: object deleted
